0 verbose cli C:\PROGRA~1\nodejs\node.exe C:\PROGRA~1\nodejs\node_modules\npm\bin\npm-cli.js
1 info using npm@11.13.0
2 info using node@v24.16.0
3 silly config load:file:C:\PROGRA~1\nodejs\node_modules\npm\npmrc
4 silly config load:file:C:\Users\kallw\OneDrive\Documents\New project\.npmrc
5 silly config load:file:C:\Users\kallw\.npmrc
6 silly config load:file:C:\Users\kallw\OneDrive\Documents\New project\.vercel-roaming\npm\etc\npmrc
7 verbose title npm exec vercel@latest --version
8 verbose argv "exec" "--yes" "--" "vercel@latest" "--version"
9 verbose logfile logs-max:10 dir:C:\Users\kallw\OneDrive\Documents\New project\.npm-cache\_logs\2026-06-01T16_03_54_485Z-
10 verbose logfile C:\Users\kallw\OneDrive\Documents\New project\.npm-cache\_logs\2026-06-01T16_03_54_485Z-debug-0.log
11 silly logfile start cleaning logs, removing 1 files
12 silly logfile done cleaning log files
13 silly packumentCache heap:4496293888 maxSize:1124073472 maxEntrySize:562036736
14 verbose shrinkwrap failed to load node_modules/.package-lock.json out of date, updated: node_modules
15 http fetch GET https://registry.npmjs.org/vercel attempt 1 failed with EACCES
16 http fetch GET https://registry.npmjs.org/vercel attempt 2 failed with EACCES
17 http fetch GET https://registry.npmjs.org/vercel attempt 3 failed with EACCES
18 http fetch GET 200 https://registry.npmjs.org/vercel 70174ms (cache stale)
19 silly packumentCache heap:4496293888 maxSize:1124073472 maxEntrySize:562036736
20 verbose Could not read global path C:\Users\kallw\OneDrive\Documents\New project\.vercel-roaming\npm, ignoring
21 silly packumentCache heap:4496293888 maxSize:1124073472 maxEntrySize:562036736
22 verbose cwd C:\Users\kallw\OneDrive\Documents\New project
23 verbose os Windows_NT 10.0.26200
24 verbose node v24.16.0
25 verbose npm  v11.13.0
26 verbose exit 0
27 info ok
