0 verbose cli C:\Program Files\nodejs\node.exe C:\Program Files\nodejs\node_modules\npm\bin\npm-cli.js
1 info using npm@11.13.0
2 info using node@v24.16.0
3 silly config load:file:C:\Program Files\nodejs\node_modules\npm\npmrc
4 silly config load:file:C:\Users\kallw\OneDrive\Documents\New project\.npmrc
5 silly config load:file:C:\Users\kallw\.npmrc
6 silly config load:file:C:\Users\kallw\OneDrive\Documents\New project\.vercel-roaming\npm\etc\npmrc
7 verbose title npm exec vercel@latest deploy --prod --yes
8 verbose argv "exec" "--yes" "--" "vercel@latest" "deploy" "--prod" "--yes"
9 verbose logfile logs-max:10 dir:C:\Users\kallw\OneDrive\Documents\New project\.npm-cache\_logs\2026-06-01T15_49_42_290Z-
10 verbose logfile C:\Users\kallw\OneDrive\Documents\New project\.npm-cache\_logs\2026-06-01T15_49_42_290Z-debug-0.log
11 silly logfile done cleaning log files
12 silly packumentCache heap:4496293888 maxSize:1124073472 maxEntrySize:562036736
13 verbose shrinkwrap failed to load node_modules/.package-lock.json out of date, updated: node_modules
14 http fetch GET https://registry.npmjs.org/vercel attempt 1 failed with EACCES
15 http fetch GET https://registry.npmjs.org/vercel attempt 2 failed with EACCES
16 http fetch GET https://registry.npmjs.org/vercel attempt 3 failed with EACCES
17 http fetch GET 200 https://registry.npmjs.org/vercel 70634ms (cache stale)
18 silly packumentCache heap:4496293888 maxSize:1124073472 maxEntrySize:562036736
19 verbose Could not read global path C:\Users\kallw\OneDrive\Documents\New project\.vercel-roaming\npm, ignoring
20 silly packumentCache heap:4496293888 maxSize:1124073472 maxEntrySize:562036736
21 verbose cwd C:\Users\kallw\OneDrive\Documents\New project
22 verbose os Windows_NT 10.0.26200
23 verbose node v24.16.0
24 verbose npm  v11.13.0
25 verbose exit 1
26 verbose code 1
